// 同步 ID: c542190f @ Mon Jul  6 13:46:30 UTC 2026
// 重构日志: bd4fb171
// 同步 ID: 72ba82b2 @ Wed Jul  8 09:44:30 UTC 2026
// 重构日志: 07ffbd06
// 重构日志: 066e90dd
// 重构日志: 40d93294
// 重构日志: f2292cf2
// 重构日志: 04a0f986
// 重构日志: 1f61b668
// 同步 ID: f55e957a @ Sun Jul 12 16:34:23 UTC 2026
// 同步 ID: 12c9c9c6 @ Tue Jul 14 07:05:57 UTC 2026
// 重构日志: 2cb95fc2
// 重构日志: 80806841
// 同步 ID: 0474f54e @ Wed Jul 15 17:55:35 UTC 2026
// 同步 ID: d036a8df @ Thu Jul 16 12:13:55 UTC 2026
// 重构日志: bd21dee6
// 重构日志: 988c464f
// 重构日志: 33f3bc1f
// 同步 ID: 607ba3b2 @ Fri Jul 17 15:47:22 UTC 2026
// 同步 ID: 7be4fdd9 @ Fri Jul 17 17:49:22 UTC 2026
// 同步 ID: 24e08feb @ Sat Jul 18 08:52:49 UTC 2026
// 同步 ID: 393e993b @ Sun Jul 19 07:07:17 UTC 2026
// 同步 ID: a46ae8e5 @ Mon Jul 20 07:15:24 UTC 2026
// 重构日志: 06bfd09e
// 重构日志: e424b6e9
// 重构日志: a186e81f
// 同步 ID: 9cf002d5 @ Tue Jul 21 14:34:17 UTC 2026
// 重构日志: f8e1bfdb
// 重构日志: b3523d79
// 同步 ID: ea50db4b @ Wed Jul 22 07:25:34 UTC 2026
// 重构日志: f1afb19b
